<?xml version="1.0" encoding="UTF-8"?>
<!-- Generated by org.testng.reporters.JUnitReportReporter -->
<testsuite hostname="DESKTOP-8HBP6N5" failures="0" tests="3" name="WebScrapTest" time="29.353" errors="0" timestamp="2024-01-10T23:20:52 EST" skipped="0">
  <testcase classname="WebScrapTest" name="webScrapeTest" time="16.887"/>
  <system-out/>
  <testcase classname="WebScrapTest" name="webScrapeTest" time="8.462"/>
  <system-out/>
  <testcase classname="WebScrapTest" name="webScrapeTest" time="4.004"/>
  <system-out/>
</testsuite> <!-- WebScrapTest -->
